<?xml version="1.0" encoding="UTF-8"?>
<testng-results skipped="0" failed="0" ignored="0" total="1" passed="1">
  <reporter-output>
  </reporter-output>
  <suite name="Suite" duration-ms="46494" started-at="2019-04-11T12:19:10Z" finished-at="2019-04-11T12:19:57Z">
    <groups>
    </groups>
    <test name="Test" duration-ms="46494" started-at="2019-04-11T12:19:10Z" finished-at="2019-04-11T12:19:57Z">
      <class name="com.tests.ExtextReportTest">
        <test-method status="PASS" signature="beforeTest()[pri:0, instance:com.tests.ExtextReportTest@6a41eaa2]" name="beforeTest" is-config="true" duration-ms="7453" started-at="2019-04-11T12:19:10Z" finished-at="2019-04-11T12:19:18Z">
          <reporter-output>
          </reporter-output>
        </test-method> <!-- beforeTest -->
        <test-method status="PASS" signature="test()[pri:0, instance:com.tests.ExtextReportTest@6a41eaa2]" name="test" duration-ms="37812" started-at="2019-04-11T12:19:18Z" finished-at="2019-04-11T12:19:56Z">
          <reporter-output>
          </reporter-output>
        </test-method> <!-- test -->
        <test-method status="PASS" signature="afterTest()[pri:0, instance:com.tests.ExtextReportTest@6a41eaa2]" name="afterTest" is-config="true" duration-ms="1030" started-at="2019-04-11T12:19:56Z" finished-at="2019-04-11T12:19:57Z">
          <reporter-output>
          </reporter-output>
        </test-method> <!-- afterTest -->
      </class> <!-- com.tests.ExtextReportTest -->
    </test> <!-- Test -->
  </suite> <!-- Suite -->
</testng-results>
