<?xml version="1.0" encoding="UTF-8"?>
<!-- Generated by org.testng.reporters.JUnitXMLReporter -->
<testsuite hostname="P3ALAP-FFGKPN2" ignored="0" name="Test" tests="1" failures="0" timestamp="25 Jul 2018 16:31:07 GMT" time="0.045" errors="0">
  <testcase name="@BeforeTest beforeTest" time="0.014" classname="selenium.DemoMavenTest.NewTest">
    <failure type="java.lang.NullPointerException">
      <![CDATA[java.lang.NullPointerException
at selenium.DemoMavenTest.NewTest.beforeTest(NewTest.java:17)
... Removed 24 stack frames]]>
    </failure>
  </testcase> <!-- @BeforeTest beforeTest -->
  <testcase name="@AfterTest afterTest" time="0.0" classname="selenium.DemoMavenTest.NewTest">
    <skipped/>
  </testcase> <!-- @AfterTest afterTest -->
  <testcase name="f" time="0.0" classname="selenium.DemoMavenTest.NewTest">
    <skipped/>
  </testcase> <!-- f -->
</testsuite> <!-- Test -->
