<?xml version="1.0" encoding="UTF-8"?>
<testng-results skipped="0" failed="0" ignored="0" total="1" passed="1">
  <reporter-output>
  </reporter-output>
  <suite name="Suite" duration-ms="29415" started-at="2018-07-26T07:23:53Z" finished-at="2018-07-26T07:24:22Z">
    <groups>
    </groups>
    <test name="Test1" duration-ms="29415" started-at="2018-07-26T07:23:53Z" finished-at="2018-07-26T07:24:22Z">
      <class name="com.test.MTTestExtentReport">
        <test-method status="PASS" signature="beforeTest()[pri:0, instance:com.test.MTTestExtentReport@e720b71]" name="beforeTest" is-config="true" duration-ms="16704" started-at="2018-07-26T07:23:53Z" finished-at="2018-07-26T07:24:10Z">
          <reporter-output>
          </reporter-output>
        </test-method> <!-- beforeTest -->
        <test-method status="PASS" signature="testMT()[pri:0, instance:com.test.MTTestExtentReport@e720b71]" name="testMT" duration-ms="12401" started-at="2018-07-26T07:24:10Z" finished-at="2018-07-26T07:24:22Z">
          <reporter-output>
          </reporter-output>
        </test-method> <!-- testMT -->
        <test-method status="PASS" signature="afterTest()[pri:0, instance:com.test.MTTestExtentReport@e720b71]" name="afterTest" is-config="true" duration-ms="114" started-at="2018-07-26T07:24:22Z" finished-at="2018-07-26T07:24:22Z">
          <reporter-output>
          </reporter-output>
        </test-method> <!-- afterTest -->
      </class> <!-- com.test.MTTestExtentReport -->
    </test> <!-- Test1 -->
  </suite> <!-- Suite -->
</testng-results>
